{"D:\\github\\genJavaFromExcel\\config\\setting\\index.js": {"path":"D:\\github\\genJavaFromExcel\\config\\setting\\index.js","statementMap":{"0":{"start":{"line":1,"column":15},"end":{"line":23,"column":1}},"1":{"start":{"line":25,"column":0},"end":{"line":25,"column":24}}},"fnMap":{},"branchMap":{},"s":{"0":1,"1":1},"f":{},"b":{},"_coverageSchema":"1a1c01bbd47fc00a2c39e90264f33305004495a9","hash":"6b1d499872c1af1bce534e83009130782880e1a3"}
,"D:\\github\\genJavaFromExcel\\lib\\commonFunct\\index.js": {"path":"D:\\github\\genJavaFromExcel\\lib\\commonFunct\\index.js","statementMap":{"0":{"start":{"line":1,"column":22},"end":{"line":1,"column":43}},"1":{"start":{"line":2,"column":27},"end":{"line":2,"column":54}},"2":{"start":{"line":3,"column":12},"end":{"line":3,"column":32}},"3":{"start":{"line":4,"column":15},"end":{"line":4,"column":32}},"4":{"start":{"line":5,"column":11},"end":{"line":5,"column":24}},"5":{"start":{"line":7,"column":16},"end":{"line":7,"column":47}},"6":{"start":{"line":10,"column":11},"end":{"line":10,"column":16}},"7":{"start":{"line":12,"column":16},"end":{"line":14,"column":1}},"8":{"start":{"line":13,"column":4},"end":{"line":13,"column":19}},"9":{"start":{"line":16,"column":16},"end":{"line":18,"column":1}},"10":{"start":{"line":17,"column":4},"end":{"line":17,"column":16}},"11":{"start":{"line":20,"column":14},"end":{"line":22,"column":1}},"12":{"start":{"line":21,"column":4},"end":{"line":21,"column":31}},"13":{"start":{"line":24,"column":21},"end":{"line":26,"column":1}},"14":{"start":{"line":25,"column":4},"end":{"line":25,"column":57}},"15":{"start":{"line":25,"column":30},"end":{"line":25,"column":55}},"16":{"start":{"line":28,"column":19},"end":{"line":32,"column":1}},"17":{"start":{"line":29,"column":4},"end":{"line":31,"column":19}},"18":{"start":{"line":34,"column":28},"end":{"line":42,"column":1}},"19":{"start":{"line":35,"column":4},"end":{"line":41,"column":5}},"20":{"start":{"line":36,"column":26},"end":{"line":36,"column":50}},"21":{"start":{"line":37,"column":25},"end":{"line":37,"column":71}},"22":{"start":{"line":37,"column":47},"end":{"line":37,"column":70}},"23":{"start":{"line":38,"column":8},"end":{"line":38,"column":24}},"24":{"start":{"line":40,"column":8},"end":{"line":40,"column":18}},"25":{"start":{"line":44,"column":28},"end":{"line":59,"column":1}},"26":{"start":{"line":45,"column":21},"end":{"line":45,"column":36}},"27":{"start":{"line":47,"column":14},"end":{"line":47,"column":16}},"28":{"start":{"line":48,"column":18},"end":{"line":48,"column":23}},"29":{"start":{"line":49,"column":4},"end":{"line":56,"column":7}},"30":{"start":{"line":50,"column":29},"end":{"line":50,"column":38}},"31":{"start":{"line":52,"column":8},"end":{"line":53,"column":84}},"32":{"start":{"line":53,"column":12},"end":{"line":53,"column":84}},"33":{"start":{"line":55,"column":8},"end":{"line":55,"column":56}},"34":{"start":{"line":58,"column":4},"end":{"line":58,"column":15}},"35":{"start":{"line":61,"column":32},"end":{"line":64,"column":1}},"36":{"start":{"line":62,"column":4},"end":{"line":62,"column":54}},"37":{"start":{"line":63,"column":4},"end":{"line":63,"column":95}},"38":{"start":{"line":63,"column":39},"end":{"line":63,"column":93}},"39":{"start":{"line":66,"column":18},"end":{"line":69,"column":1}},"40":{"start":{"line":67,"column":22},"end":{"line":67,"column":49}},"41":{"start":{"line":68,"column":4},"end":{"line":68,"column":35}},"42":{"start":{"line":73,"column":0},"end":{"line":83,"column":2}}},"fnMap":{"0":{"name":"(anonymous_0)","decl":{"start":{"line":12,"column":16},"end":{"line":12,"column":17}},"loc":{"start":{"line":12,"column":29},"end":{"line":14,"column":1}},"line":12},"1":{"name":"(anonymous_1)","decl":{"start":{"line":16,"column":16},"end":{"line":16,"column":17}},"loc":{"start":{"line":16,"column":22},"end":{"line":18,"column":1}},"line":16},"2":{"name":"(anonymous_2)","decl":{"start":{"line":20,"column":14},"end":{"line":20,"column":15}},"loc":{"start":{"line":20,"column":20},"end":{"line":22,"column":1}},"line":20},"3":{"name":"(anonymous_3)","decl":{"start":{"line":24,"column":21},"end":{"line":24,"column":22}},"loc":{"start":{"line":24,"column":33},"end":{"line":26,"column":1}},"line":24},"4":{"name":"(anonymous_4)","decl":{"start":{"line":25,"column":25},"end":{"line":25,"column":26}},"loc":{"start":{"line":25,"column":30},"end":{"line":25,"column":55}},"line":25},"5":{"name":"(anonymous_5)","decl":{"start":{"line":28,"column":19},"end":{"line":28,"column":20}},"loc":{"start":{"line":28,"column":29},"end":{"line":32,"column":1}},"line":28},"6":{"name":"(anonymous_6)","decl":{"start":{"line":34,"column":28},"end":{"line":34,"column":29}},"loc":{"start":{"line":34,"column":42},"end":{"line":42,"column":1}},"line":34},"7":{"name":"(anonymous_7)","decl":{"start":{"line":37,"column":42},"end":{"line":37,"column":43}},"loc":{"start":{"line":37,"column":47},"end":{"line":37,"column":70}},"line":37},"8":{"name":"(anonymous_8)","decl":{"start":{"line":44,"column":28},"end":{"line":44,"column":29}},"loc":{"start":{"line":44,"column":50},"end":{"line":59,"column":1}},"line":44},"9":{"name":"(anonymous_9)","decl":{"start":{"line":49,"column":21},"end":{"line":49,"column":22}},"loc":{"start":{"line":49,"column":31},"end":{"line":56,"column":5}},"line":49},"10":{"name":"(anonymous_10)","decl":{"start":{"line":61,"column":32},"end":{"line":61,"column":33}},"loc":{"start":{"line":61,"column":48},"end":{"line":64,"column":1}},"line":61},"11":{"name":"(anonymous_11)","decl":{"start":{"line":63,"column":34},"end":{"line":63,"column":35}},"loc":{"start":{"line":63,"column":39},"end":{"line":63,"column":93}},"line":63},"12":{"name":"(anonymous_12)","decl":{"start":{"line":66,"column":18},"end":{"line":66,"column":19}},"loc":{"start":{"line":66,"column":35},"end":{"line":69,"column":1}},"line":66}},"branchMap":{"0":{"loc":{"start":{"line":29,"column":11},"end":{"line":31,"column":18}},"type":"cond-expr","locations":[{"start":{"line":29,"column":36},"end":{"line":29,"column":87}},{"start":{"line":30,"column":10},"end":{"line":31,"column":18}}],"line":29},"1":{"loc":{"start":{"line":30,"column":10},"end":{"line":31,"column":18}},"type":"cond-expr","locations":[{"start":{"line":30,"column":31},"end":{"line":30,"column":74}},{"start":{"line":31,"column":14},"end":{"line":31,"column":18}}],"line":30},"2":{"loc":{"start":{"line":52,"column":8},"end":{"line":53,"column":84}},"type":"if","locations":[{"start":{"line":52,"column":8},"end":{"line":53,"column":84}},{"start":{},"end":{}}],"line":52},"3":{"loc":{"start":{"line":53,"column":27},"end":{"line":53,"column":81}},"type":"binary-expr","locations":[{"start":{"line":53,"column":28},"end":{"line":53,"column":35}},{"start":{"line":53,"column":39},"end":{"line":53,"column":48}},{"start":{"line":53,"column":52},"end":{"line":53,"column":59}},{"start":{"line":53,"column":64},"end":{"line":53,"column":76}},{"start":{"line":53,"column":80},"end":{"line":53,"column":81}}],"line":53},"4":{"loc":{"start":{"line":55,"column":8},"end":{"line":55,"column":55}},"type":"cond-expr","locations":[{"start":{"line":55,"column":23},"end":{"line":55,"column":37}},{"start":{"line":55,"column":40},"end":{"line":55,"column":55}}],"line":55}},"s":{"0":1,"1":1,"2":1,"3":1,"4":1,"5":1,"6":1,"7":1,"8":0,"9":1,"10":0,"11":1,"12":0,"13":1,"14":1,"15":0,"16":1,"17":4,"18":1,"19":1,"20":1,"21":0,"22":0,"23":0,"24":1,"25":1,"26":0,"27":0,"28":0,"29":0,"30":0,"31":0,"32":0,"33":0,"34":0,"35":1,"36":0,"37":0,"38":0,"39":1,"40":0,"41":0,"42":1},"f":{"0":0,"1":0,"2":0,"3":1,"4":0,"5":4,"6":1,"7":0,"8":0,"9":0,"10":0,"11":0,"12":0},"b":{"0":[2,2],"1":[1,1],"2":[0,0],"3":[0,0,0,0,0],"4":[0,0]},"_coverageSchema":"1a1c01bbd47fc00a2c39e90264f33305004495a9","hash":"fa508c7953d5295d8411fbbcdc753940cb70796e"}
}
